<?xml version="1.0" encoding="UTF-8"?>
<testng-results ignored="0" total="2" passed="2" failed="0" skipped="0">
  <reporter-output>
  </reporter-output>
  <suite started-at="2020-08-18T03:54:04Z" name="com.gosecure.hiring.AppTest" finished-at="2020-08-18T03:54:04Z" duration-ms="100">
    <groups>
    </groups>
    <test started-at="2020-08-18T03:54:04Z" name="Command line test" finished-at="2020-08-18T03:54:04Z" duration-ms="100">
      <class name="com.gosecure.hiring.AppTest">
        <test-method signature="add()[pri:0, instance:com.gosecure.hiring.AppTest@1f0f1111]" started-at="2020-08-18T03:54:04Z" name="add" finished-at="2020-08-18T03:54:04Z" duration-ms="24" status="PASS">
          <reporter-output>
          </reporter-output>
        </test-method> <!-- add -->
        <test-method signature="sub()[pri:0, instance:com.gosecure.hiring.AppTest@1f0f1111]" started-at="2020-08-18T03:54:04Z" name="sub" finished-at="2020-08-18T03:54:04Z" depends-on-methods="com.gosecure.hiring.AppTest.add" duration-ms="0" status="PASS">
          <reporter-output>
          </reporter-output>
        </test-method> <!-- sub -->
      </class> <!-- com.gosecure.hiring.AppTest -->
    </test> <!-- Command line test -->
  </suite> <!-- com.gosecure.hiring.AppTest -->
</testng-results>
